[    0.000000] Initializing cgroup subsys cpuset
[    0.000000] Initializing cgroup subsys cpu
[    0.000000] Initializing cgroup subsys cpuacct
[    0.000000] Linux version 4.4.0-210-generic (buildd@lgw01-amd64-009) (gcc version 5.4.0 20160609 (Ubuntu 5.4.0-6ubuntu1~16.04.12) ) #242-Ubuntu SMP Fri Apr 16 09:57:56 UTC 2021 (Ubuntu 4.4.0-210.242-generic 4.4.262)
[    0.000000] Command line: BOOT_IMAGE=/boot/vmlinuz-4.4.0-210-generic root=LABEL=cloudimg-rootfs ro console=tty1 console=ttyS0
[    0.000000] KERNEL supported cpus:
[    0.000000]   Intel GenuineIntel
[    0.000000]   AMD AuthenticAMD
[    0.000000]   Centaur CentaurHauls
[    0.000000] x86/fpu: xstate_offset[2]:  576, xstate_sizes[2]:  256
[    0.000000] x86/fpu: Supporting XSAVE feature 0x01: 'x87 floating point registers'
[    0.000000] x86/fpu: Supporting XSAVE feature 0x02: 'SSE registers'
[    0.000000] x86/fpu: Supporting XSAVE feature 0x04: 'AVX registers'
[    0.000000] x86/fpu: Enabled xstate features 0x7, context size is 832 bytes, using 'standard' format.
[    0.000000] e820: BIOS-provided physical RAM map:
[    0.000000] BIOS-e820: [mem 0x0000000000000000-0x000000000009fbff] usable
[    0.000000] BIOS-e820: [mem 0x000000000009fc00-0x000000000009ffff] reserved
[    0.000000] BIOS-e820: [mem 0x00000000000f0000-0x00000000000fffff] reserved
[    0.000000] BIOS-e820: [mem 0x0000000000100000-0x000000003ffeffff] usable
[    0.000000] BIOS-e820: [mem 0x000000003fff0000-0x000000003fffffff] ACPI data
[    0.000000] BIOS-e820: [mem 0x00000000fec00000-0x00000000fec00fff] reserved
[    0.000000] BIOS-e820: [mem 0x00000000fee00000-0x00000000fee00fff] reserved
[    0.000000] BIOS-e820: [mem 0x00000000fffc0000-0x00000000ffffffff] reserved
[    0.000000] NX (Execute Disable) protection: active
[    0.000000] SMBIOS 2.5 present.
[    0.000000] Hypervisor detected: KVM
[    0.000000] e820: last_pfn = 0x3fff0 max_arch_pfn = 0x400000000
[    0.000000] MTRR: Disabled
[    0.000000] x86/PAT: MTRRs disabled, skipping PAT initialization too.
[    0.000000] CPU MTRRs all blank - virtualized system.
[    0.000000] x86/PAT: Configuration [0-7]: WB  WT  UC- UC  WB  WT  UC- UC  
[    0.000000] found SMP MP-table at [mem 0x0009fff0-0x0009ffff] mapped at [ffff88000009fff0]
[    0.000000] Scanning 1 areas for low memory corruption
[    0.000000] RAMDISK: [mem 0x362dc000-0x37165fff]
[    0.000000] ACPI: Early table checksum verification disabled
[    0.000000] ACPI: RSDP 0x00000000000E0000 000024 (v02 VBOX  )
[    0.000000] ACPI: XSDT 0x000000003FFF0030 00003C (v01 VBOX   VBOXXSDT 00000001 ASL  00000061)
[    0.000000] ACPI: FACP 0x000000003FFF00F0 0000F4 (v04 VBOX   VBOXFACP 00000001 ASL  00000061)
[    0.000000] ACPI: DSDT 0x000000003FFF0470 002325 (v02 VBOX   VBOXBIOS 00000002 INTL 20200925)
[    0.000000] ACPI: FACS 0x000000003FFF0200 000040
[    0.000000] ACPI: FACS 0x000000003FFF0200 000040
[    0.000000] ACPI: APIC 0x000000003FFF0240 00005C (v02 VBOX   VBOXAPIC 00000001 ASL  00000061)
[    0.000000] ACPI: SSDT 0x000000003FFF02A0 0001CC (v01 VBOX   VBOXCPUT 00000002 INTL 20200925)
[    0.000000] No NUMA configuration found
[    0.000000] Faking a node at [mem 0x0000000000000000-0x000000003ffeffff]
[    0.000000] NODE_DATA(0) allocated [mem 0x3ffeb000-0x3ffeffff]
[    0.000000] kvm-clock: Using msrs 4b564d01 and 4b564d00
[    0.000000] kvm-clock: cpu 0, msr 0:3ffe3001, primary cpu clock
[    0.000000] kvm-clock: using sched offset of 3029483008 cycles
[    0.000000] clocksource: kvm-clock: mask: 0xffffffffffffffff max_cycles: 0x1cd42e4dffb, max_idle_ns: 881590591483 ns
[    0.000000] Zone ranges:
[    0.000000]   DMA      [mem 0x0000000000001000-0x0000000000ffffff]
[    0.000000]   DMA32    [mem 0x0000000001000000-0x000000003ffeffff]
[    0.000000]   Normal   empty
[    0.000000]   Device   empty
[    0.000000] Movable zone start for each node
[    0.000000] Early memory node ranges
[    0.000000]   node   0: [mem 0x0000000000001000-0x000000000009efff]
[    0.000000]   node   0: [mem 0x0000000000100000-0x000000003ffeffff]
[    0.000000] Initmem setup node 0 [mem 0x0000000000001000-0x000000003ffeffff]
[    0.000000] ACPI: PM-Timer IO Port: 0x4008
[    0.000000] IOAPIC[0]: apic_id 2, version 32, address 0xfec00000, GSI 0-23
[    0.000000] ACPI: INT_SRC_OVR (bus 0 bus_irq 0 global_irq 2 dfl dfl)
[    0.000000] ACPI: INT_SRC_OVR (bus 0 bus_irq 9 global_irq 9 low level)
[    0.000000] Using ACPI (MADT) for SMP configuration information
[    0.000000] smpboot: Allowing 2 CPUs, 0 hotplug CPUs
[    0.000000] PM: Registered nosave memory: [mem 0x00000000-0x00000fff]
[    0.000000] PM: Registered nosave memory: [mem 0x0009f000-0x0009ffff]
[    0.000000] PM: Registered nosave memory: [mem 0x000a0000-0x000effff]
[    0.000000] PM: Registered nosave memory: [mem 0x000f0000-0x000fffff]
[    0.000000] e820: [mem 0x40000000-0xfebfffff] available for PCI devices
[    0.000000] Booting paravirtualized kernel on KVM
[    0.000000] clocksource: refined-jiffies: mask: 0xffffffff max_cycles: 0xffffffff, max_idle_ns: 7645519600211568 ns
[    0.000000] setup_percpu: NR_CPUS:512 nr_cpumask_bits:512 nr_cpu_ids:2 nr_node_ids:1
[    0.000000] PERCPU: Embedded 33 pages/cpu @ffff88003fc00000 s95192 r8192 d31784 u1048576
[    0.000000] Built 1 zonelists in Node order, mobility grouping on.  Total pages: 257912
[    0.000000] Policy zone: DMA32
[    0.000000] Kernel command line: BOOT_IMAGE=/boot/vmlinuz-4.4.0-210-generic root=LABEL=cloudimg-rootfs ro console=tty1 console=ttyS0
[    0.000000] PID hash table entries: 4096 (order: 3, 32768 bytes)
[    0.000000] Memory: 997792K/1048120K available (8644K kernel code, 1332K rwdata, 4044K rodata, 1492K init, 1164K bss, 50328K reserved, 0K cma-reserved)
[    0.000000] SLUB: HWalign=64, Order=0-3, MinObjects=0, CPUs=2, Nodes=1
[    0.000000] Kernel/User page tables isolation: enabled
[    0.000000] Hierarchical RCU implementation.
[    0.000000] 	Build-time adjustment of leaf fanout to 64.
[    0.000000] 	RCU restricting CPUs from NR_CPUS=512 to nr_cpu_ids=2.
[    0.000000] RCU: Adjusting geometry for rcu_fanout_leaf=64, nr_cpu_ids=2
[    0.000000] NR_IRQS:33024 nr_irqs:440 16
[    0.000000] Console: colour VGA+ 80x25
[    0.000000] console [tty1] enabled
[    0.000000] console [ttyS0] enabled
[    0.000000] tsc: Detected 2903.996 MHz processor
[    0.102882] Calibrating delay loop (skipped) preset value.. 5807.99 BogoMIPS (lpj=11615984)
[    0.104126] pid_max: default: 32768 minimum: 301
[    0.104789] ACPI: Core revision 20150930
[    0.106069] ACPI: 2 ACPI AML tables successfully acquired and loaded
[    0.107116] Security Framework initialized
[    0.107727] Yama: becoming mindful.
[    0.108286] AppArmor: AppArmor initialized
[    0.108956] Dentry cache hash table entries: 131072 (order: 8, 1048576 bytes)
[    0.110505] Inode-cache hash table entries: 65536 (order: 7, 524288 bytes)
[    0.111531] Mount-cache hash table entries: 2048 (order: 2, 16384 bytes)
[    0.112447] Mountpoint-cache hash table entries: 2048 (order: 2, 16384 bytes)
[    0.113524] Initializing cgroup subsys io
[    0.114125] Initializing cgroup subsys memory
[    0.114790] Initializing cgroup subsys devices
[    0.115436] Initializing cgroup subsys freezer
[    0.116101] Initializing cgroup subsys net_cls
[    0.116760] Initializing cgroup subsys perf_event
[    0.117500] Initializing cgroup subsys net_prio
[    0.118170] Initializing cgroup subsys hugetlb
[    0.118896] Initializing cgroup subsys pids
[    0.127232] mce: CPU supports 0 MCE banks
[    0.127890] Last level iTLB entries: 4KB 64, 2MB 8, 4MB 8
[    0.128662] Last level dTLB entries: 4KB 64, 2MB 0, 4MB 0, 1GB 4
[    0.129494] Spectre V1 : Mitigation: usercopy/swapgs barriers and __user pointer sanitization
[    0.130768] Spectre V2 : Mitigation: Full generic retpoline
[    0.131579] Spectre V2 : Spectre v2 / SpectreRSB mitigation: Filling RSB on context switch
[    0.132758] Speculative Store Bypass: Vulnerable
[    0.133588] MDS: Mitigation: Clear CPU buffers
[    0.136418] Freeing SMP alternatives memory: 36K
[    0.141920] ftrace: allocating 32380 entries in 127 pages
[    0.190167] smpboot: APIC(0) Converting physical 0 to logical package 0
[    0.191235] smpboot: Max logical packages: 1
[    0.192140] x2apic enabled
[    0.192816] Switched APIC routing to physical x2apic.
[    0.194491] ..TIMER: vector=0x30 apic1=0 pin1=2 apic2=-1 pin2=-1
[    0.303487] smpboot: CPU0: Intel(R) Core(TM) i5-10400F CPU @ 2.90GHz (family: 0x6, model: 0xa5, stepping: 0x3)
[    0.305088] Performance Events: unsupported p6 CPU model 165 no PMU driver, software events only.
[    0.315236] KVM setup paravirtual spinlock
[    0.316424] x86: Booting SMP configuration:
[    0.317048] .... node  #0, CPUs:      #1
[    0.317764] kvm-clock: cpu 1, msr 0:3ffe3041, secondary cpu clock
[    0.326191] mce: CPU supports 0 MCE banks
[    0.328648] x86: Booted up 1 node, 2 CPUs
[    0.329446] smpboot: Total of 2 processors activated (11615.98 BogoMIPS)
[    0.330642] devtmpfs: initialized
[    0.332655] evm: security.selinux
[    0.333221] evm: security.SMACK64
[    0.333774] evm: security.SMACK64EXEC
[    0.334336] evm: security.SMACK64TRANSMUTE
[    0.334943] evm: security.SMACK64MMAP
[    0.335507] evm: security.ima
[    0.336035] evm: security.capability
[    0.336721] clocksource: jiffies: mask: 0xffffffff max_cycles: 0xffffffff, max_idle_ns: 7645041785100000 ns
[    0.338103] futex hash table entries: 512 (order: 3, 32768 bytes)
[    0.339020] pinctrl core: initialized pinctrl subsystem
[    0.339827] RTC time:  9:43:09, date: 02/22/23
[    0.340653] NET: Registered protocol family 16
[    0.352231] cpuidle: using governor ladder
[    0.363746] cpuidle: using governor menu
[    0.364342] PCCT header not found.
[    0.364951] ACPI: bus type PCI registered
[    0.365590] acpiphp: ACPI Hot Plug PCI Controller Driver version: 0.5
[    0.366547] PCI: Using configuration type 1 for base access
[    0.379683] ACPI: Added _OSI(Module Device)
[    0.380351] ACPI: Added _OSI(Processor Device)
[    0.381029] ACPI: Added _OSI(3.0 _SCP Extensions)
[    0.381729] ACPI: Added _OSI(Processor Aggregator Device)
[    0.382970] ACPI: Executed 1 blocks of module-level executable AML code
[    0.385469] ACPI: Interpreter enabled
[    0.386100] ACPI: (supports S0 S5)
[    0.386637] ACPI: Using IOAPIC for interrupt routing
[    0.387447] PCI: Using host bridge windows from ACPI; if necessary, use "pci=nocrs" and report a bug
[    0.391809] ACPI: PCI Root Bridge [PCI0] (domain 0000 [bus 00-ff])
[    0.393427] acpi PNP0A03:00: _OSC: OS supports [ASPM ClockPM Segments MSI]
[    0.394551] acpi PNP0A03:00: _OSC: not requesting OS control; OS requires [ExtendedConfig ASPM ClockPM MSI]
[    0.395929] acpi PNP0A03:00: fail to add MMCONFIG information, can't access extended PCI configuration space under this bridge.
[    0.397723] PCI host bridge to bus 0000:00
[    0.398336] pci_bus 0000:00: root bus resource [io  0x0000-0x0cf7 window]
[    0.399231] pci_bus 0000:00: root bus resource [io  0x0d00-0xffff window]
[    0.400119] pci_bus 0000:00: root bus resource [mem 0x000a0000-0x000bffff window]
[    0.401231] pci_bus 0000:00: root bus resource [mem 0x40000000-0xfdffffff window]
[    0.402377] pci_bus 0000:00: root bus resource [bus 00-ff]
[    0.404411] pci 0000:00:01.1: legacy IDE quirk: reg 0x10: [io  0x01f0-0x01f7]
[    0.405376] pci 0000:00:01.1: legacy IDE quirk: reg 0x14: [io  0x03f6]
[    0.406232] pci 0000:00:01.1: legacy IDE quirk: reg 0x18: [io  0x0170-0x0177]
[    0.407147] pci 0000:00:01.1: legacy IDE quirk: reg 0x1c: [io  0x0376]
[    0.423722] pci 0000:00:07.0: quirk: [io  0x4000-0x403f] claimed by PIIX4 ACPI
[    0.424819] pci 0000:00:07.0: quirk: [io  0x4100-0x410f] claimed by PIIX4 SMB
[    0.428524] ACPI: PCI Interrupt Link [LNKA] (IRQs 5 9 10 *11)
[    0.429779] ACPI: PCI Interrupt Link [LNKB] (IRQs 5 9 *10 11)
[    0.430889] ACPI: PCI Interrupt Link [LNKC] (IRQs 5 *9 10 11)
[    0.432019] ACPI: PCI Interrupt Link [LNKD] (IRQs 5 9 10 *11)
[    0.433183] ACPI: Enabled 2 GPEs in block 00 to 07
[    0.434159] vgaarb: setting as boot device: PCI:0000:00:02.0
[    0.434925] vgaarb: device added: PCI:0000:00:02.0,decodes=io+mem,owns=io+mem,locks=none
[    0.436114] vgaarb: loaded
[    0.436583] vgaarb: bridge control possible 0000:00:02.0
[    0.437523] SCSI subsystem initialized
[    0.438995] ACPI: bus type USB registered
[    0.440411] usbcore: registered new interface driver usbfs
[    0.441598] usbcore: registered new interface driver hub
[    0.442342] usbcore: registered new device driver usb
[    0.443659] PCI: Using ACPI for IRQ routing
[    0.444480] NetLabel: Initializing
[    0.445019] NetLabel:  domain hash size = 128
[    0.445685] NetLabel:  protocols = UNLABELED CIPSOv4
[    0.446410] NetLabel:  unlabeled traffic allowed by default
[    0.447256] amd_nb: Cannot enumerate AMD northbridges
[    0.448000] clocksource: Switched to clocksource kvm-clock
[    0.453263] AppArmor: AppArmor Filesystem Enabled
[    0.454019] pnp: PnP ACPI init
[    0.455068] pnp: PnP ACPI: found 3 devices
[    0.462932] clocksource: acpi_pm: mask: 0xffffff max_cycles: 0xffffff, max_idle_ns: 2085701024 ns
[    0.464270] NET: Registered protocol family 2
[    0.465109] TCP established hash table entries: 8192 (order: 4, 65536 bytes)
[    0.466084] TCP bind hash table entries: 8192 (order: 5, 131072 bytes)
[    0.467000] TCP: Hash tables configured (established 8192 bind 8192)
[    0.467905] UDP hash table entries: 512 (order: 2, 16384 bytes)
[    0.468803] UDP-Lite hash table entries: 512 (order: 2, 16384 bytes)
[    0.469739] NET: Registered protocol family 1
[    0.470420] pci 0000:00:00.0: Limiting direct PCI/PCI transfers
[    0.471280] pci 0000:00:01.0: Activating ISA DMA hang workarounds
[    0.472242] Unpacking initramfs...
[    0.642706] Freeing initrd memory: 14888K
[    0.643440] clocksource: tsc: mask: 0xffffffffffffffff max_cycles: 0x29dc020bb13, max_idle_ns: 440795273180 ns
[    0.644875] platform rtc_cmos: registered platform RTC device (no PNP device found)
[    0.646083] Scanning for low memory corruption every 60 seconds
[    0.647175] audit: initializing netlink subsys (disabled)
[    0.647974] audit: type=2000 audit(1677058993.590:1): initialized
[    0.649011] Initialise system trusted keyring
[    0.649830] HugeTLB registered 2 MB page size, pre-allocated 0 pages
[    0.651648] zbud: loaded
[    0.652420] VFS: Disk quotas dquot_6.6.0
[    0.653034] VFS: Dquot-cache hash table entries: 512 (order 0, 4096 bytes)
[    0.654132] squashfs: version 4.0 (2009/01/31) Phillip Lougher
[    0.655129] fuse init (API version 7.23)
[    0.655818] Key type big_key registered
[    0.656435] Allocating IMA MOK and blacklist keyrings.
[    0.657732] Key type asymmetric registered
[    0.658379] Asymmetric key parser 'x509' registered
[    0.659095] Block layer SCSI generic (bsg) driver version 0.4 loaded (major 249)
[    0.660242] io scheduler noop registered
[    0.660835] io scheduler deadline registered (default)
[    0.661613] io scheduler cfq registered
[    0.662256] pci_hotplug: PCI Hot Plug PCI Core version: 0.5
[    0.663051] pciehp: PCI Express Hot Plug Controller Driver version: 0.4
[    0.664033] ACPI: AC Adapter [AC] (on-line)
[    0.664706] input: Power Button as /devices/LNXSYSTM:00/LNXPWRBN:00/input/input0
[    0.665869] ACPI: Power Button [PWRF]
[    0.666506] input: Sleep Button as /devices/LNXSYSTM:00/LNXSLPBN:00/input/input1
[    0.667628] ACPI: Sleep Button [SLPF]
[    0.668386] GHES: HEST is not enabled!
[    0.669102] Serial: 8250/16550 driver, 32 ports, IRQ sharing enabled
[    0.690366] 00:02: ttyS0 at I/O 0x3f8 (irq = 4, base_baud = 115200) is a 16550A
[    0.692875] Linux agpgart interface v0.103
[    0.695013] loop: module loaded
[    0.696746] scsi host0: ata_piix
[    0.697627] scsi host1: ata_piix
[    0.698387] ata1: PATA max UDMA/33 cmd 0x1f0 ctl 0x3f6 bmdma 0xd000 irq 14
[    0.699318] ata2: PATA max UDMA/33 cmd 0x170 ctl 0x376 bmdma 0xd008 irq 15
[    0.700484] libphy: Fixed MDIO Bus: probed
[    0.701103] tun: Universal TUN/TAP device driver, 1.6
[    0.701880] tun: (C) 1999-2004 Max Krasnyansky <maxk@qualcomm.com>
[    0.702760] PPP generic driver version 2.4.2
[    0.703441] ehci_hcd: USB 2.0 'Enhanced' Host Controller (EHCI) Driver
[    0.704381] ehci-pci: EHCI PCI platform driver
[    0.705037] ehci-platform: EHCI generic platform driver
[    0.705805] ohci_hcd: USB 1.1 'Open' Host Controller (OHCI) Driver
[    0.706662] ohci-pci: OHCI PCI platform driver
[    0.707315] ohci-platform: OHCI generic platform driver
[    0.708111] uhci_hcd: USB Universal Host Controller Interface driver
[    0.708990] i8042: PNP: PS/2 Controller [PNP0303:PS2K,PNP0f03:PS2M] at 0x60,0x64 irq 1,12
[    0.710599] serio: i8042 KBD port at 0x60,0x64 irq 1
[    0.711328] serio: i8042 AUX port at 0x60,0x64 irq 12
[    0.712263] mousedev: PS/2 mouse device common for all mice
[    0.713282] input: AT Translated Set 2 keyboard as /devices/platform/i8042/serio0/input/input2
[    0.714833] rtc_cmos rtc_cmos: rtc core: registered rtc_cmos as rtc0
[    0.715712] rtc_cmos rtc_cmos: alarms up to one day, 114 bytes nvram
[    0.716573] i2c /dev entries driver
[    0.717150] device-mapper: uevent: version 1.0.3
[    0.717953] device-mapper: ioctl: 4.34.0-ioctl (2015-10-28) initialised: dm-devel@redhat.com
[    0.719200] ledtrig-cpu: registered to indicate activity on CPUs
[    0.720263] NET: Registered protocol family 10
[    0.721253] NET: Registered protocol family 17
[    0.722133] Key type dns_resolver registered
[    0.723413] registered taskstats version 1
[    0.724250] Loading compiled-in X.509 certificates
[    0.725803] Loaded X.509 cert 'Build time autogenerated kernel key: cf00e047681d67edb2720680708b7d9498083038'
[    0.728649] zswap: loaded using pool lzo/zbud
[    0.731017] Key type trusted registered
[    0.733770] Key type encrypted registered
[    0.734400] AppArmor: AppArmor sha1 policy hashing enabled
[    0.735185] ima: No TPM chip found, activating TPM-bypass!
[    0.735946] ima: Allocated hash algorithm: sha1
[    0.736664] evm: HMAC attrs: 0x1
[    0.737480]   Magic number: 11:266:728
[    0.738164] rtc_cmos rtc_cmos: setting system clock to 2023-02-22 09:43:09 UTC (1677058989)
[    0.739430] BIOS EDD facility v0.16 2004-Jun-25, 0 devices found
[    0.740263] EDD information not available.
[    0.880938] Freeing unused kernel memory: 1492K
[    0.881674] Write protecting the kernel read-only data: 14336k
[    0.882854] Freeing unused kernel memory: 1584K
[    0.883626] Freeing unused kernel memory: 52K
Loading, please wait...
starting version 229
[    0.893646] random: systemd-udevd: uninitialized urandom read (16 bytes read, 3 bits of entropy available)
[    0.894133] random: udevadm: uninitialized urandom read (16 bytes read, 3 bits of entropy available)
[    0.894151] random: udevadm: uninitialized urandom read (16 bytes read, 3 bits of entropy available)
[    0.897777] random: systemd-udevd: uninitialized urandom read (16 bytes read, 3 bits of entropy available)
[    0.899233] random: systemd-udevd: uninitialized urandom read (16 bytes read, 3 bits of entropy available)
[    0.899709] random: udevadm: uninitialized urandom read (16 bytes read, 3 bits of entropy available)
[    0.899744] random: udevadm: uninitialized urandom read (16 bytes read, 3 bits of entropy available)
[    0.899844] random: udevadm: uninitialized urandom read (16 bytes read, 3 bits of entropy available)
[    0.899884] random: udevadm: uninitialized urandom read (16 bytes read, 3 bits of entropy available)
[    0.899924] random: udevadm: uninitialized urandom read (16 bytes read, 3 bits of entropy available)
[    0.933765] e1000: Intel(R) PRO/1000 Network Driver - version 7.3.21-k8-NAPI
[    0.935030] e1000: Copyright (c) 1999-2006 Intel Corporation.
[    0.935941] Fusion MPT base driver 3.04.20
[    0.936621] Copyright (c) 1999-2008 LSI Corporation
[    0.940073] Fusion MPT SPI Host driver 3.04.20
[    0.953227] AVX2 version of gcm_enc/dec engaged.
[    0.954056] AES CTR mode by8 optimization enabled
[    1.159778] input: ImExPS/2 Generic Explorer Mouse as /devices/platform/i8042/serio1/input/input4
[    1.665850] e1000 0000:00:03.0 eth0: (PCI:33MHz:32-bit) 02:be:82:6b:cc:1d
[    1.666800] e1000 0000:00:03.0 eth0: Intel(R) PRO/1000 Network Connection
[    1.668320] mptbase: ioc0: Initiating bringup
[    1.669682] e1000 0000:00:03.0 enp0s3: renamed from eth0
[    3.664864] ioc0: LSI53C1030 A0: Capabilities={Initiator}
[    5.998616] scsi host2: ioc0: LSI53C1030 A0, FwRev=00000000h, Ports=1, MaxQ=256, IRQ=20
[    9.645094] scsi 2:0:0:0: Direct-Access     VBOX     HARDDISK         1.0  PQ: 0 ANSI: 5
[    9.649342] scsi target2:0:0: Beginning Domain Validation
[    9.651077] scsi target2:0:0: Domain Validation skipping write tests
[    9.651987] scsi target2:0:0: Ending Domain Validation
[    9.652820] scsi target2:0:0: asynchronous
[    9.653802] scsi 2:0:1:0: Direct-Access     VBOX     HARDDISK         1.0  PQ: 0 ANSI: 5
[    9.656320] scsi target2:0:1: Beginning Domain Validation
[    9.658369] scsi target2:0:1: Domain Validation skipping write tests
[    9.659211] scsi target2:0:1: Ending Domain Validation
[    9.659956] scsi target2:0:1: asynchronous
[    9.663187] sd 2:0:0:0: [sda] 83886080 512-byte logical blocks: (42.9 GB/40.0 GiB)
[    9.663393] sd 2:0:0:0: Attached scsi generic sg0 type 0
[    9.672299] sd 2:0:1:0: Attached scsi generic sg1 type 0
[    9.672696] sd 2:0:1:0: [sdb] 20480 512-byte logical blocks: (10.5 MB/10.0 MiB)
[    9.672784] sd 2:0:1:0: [sdb] Write Protect is off
[    9.672845] sd 2:0:1:0: [sdb] Incomplete mode parameter data
[    9.672846] sd 2:0:1:0: [sdb] Assuming drive cache: write through
[    9.674385] sd 2:0:1:0: [sdb] Attached SCSI disk
[    9.678562] sd 2:0:0:0: [sda] Write Protect is off
[    9.679421] sd 2:0:0:0: [sda] Incomplete mode parameter data
[    9.680203] sd 2:0:0:0: [sda] Assuming drive cache: write through
[    9.682076]  sda: sda1
[    9.682957] sd 2:0:0:0: [sda] Attached SCSI disk
Begin: Loading essential drivers ... [   10.981402] md: linear personality registered for level -1
[   10.984250] md: multipath personality registered for level -4
[   10.986836] md: raid0 personality registered for level 0
[   10.990195] md: raid1 personality registered for level 1
[   11.060027] raid6: sse2x1   gen() 12144 MB/s
[   11.128018] raid6: sse2x1   xor()  7844 MB/s
[   11.196051] raid6: sse2x2   gen() 17014 MB/s
[   11.264053] raid6: sse2x2   xor() 11248 MB/s
[   11.332022] raid6: sse2x4   gen() 18407 MB/s
[   11.400048] raid6: sse2x4   xor() 11313 MB/s
[   11.468048] raid6: avx2x1   gen() 24474 MB/s
[   11.536052] raid6: avx2x2   gen() 31991 MB/s
[   11.604049] raid6: avx2x4   gen() 34686 MB/s
[   11.604728] raid6: using algorithm avx2x4 gen() 34686 MB/s
[   11.605513] raid6: using avx2x2 recovery algorithm
[   11.606938] xor: automatically using best checksumming function:
[   11.721408]    avx       : 104544.000 MB/sec
[   11.723042] async_tx: api initialized (async)
[   11.730627] md: raid6 personality registered for level 6
[   11.731377] md: raid5 personality registered for level 5
[   11.732121] md: raid4 personality registered for level 4
[   11.737738] md: raid10 personality registered for level 10
done.
Begin: Running /scripts/init-premount ... done.
Begin: Mounting root file system ... Begin: Running /scripts/local-top ... done.
Begin: Running /scripts/local-premount ... [   11.758124] Btrfs loaded
Scanning for Btrfs filesystems
done.
Warning: fsck not present, so skipping root file system
[   11.780328] EXT4-fs (sda1): mounted filesystem with ordered data mode. Opts: (null)
done.
Begin: Running /scripts/local-bottom ... done.
Begin: Running /scripts/init-bottom ... done.
[   11.845859] systemd[1]: systemd 229 running in system mode. (+PAM +AUDIT +SELINUX +IMA +APPARMOR +SMACK +SYSVINIT +UTMP +LIBCRYPTSETUP +GCRYPT +GNUTLS +ACL +XZ -LZ4 +SECCOMP +BLKID +ELFUTILS +KMOD -IDN)
[   11.848411] systemd[1]: Detected virtualization oracle.
[   11.849194] systemd[1]: Detected architecture x86-64.

Welcome to [1mUbuntu 16.04.7 LTS[0m!

[   11.851519] systemd[1]: Set hostname to <ubuntu>.
[   11.853375] systemd[1]: Initializing machine ID from random generator.
[   11.854292] systemd[1]: Installed transient /etc/machine-id file.
[   11.944817] systemd[1]: Listening on udev Kernel Socket.
[[0;32m  OK  [0m] Listening on udev Kernel Socket.
[   11.946662] systemd[1]: Listening on Journal Socket.
[[0;32m  OK  [0m] Listening on Journal Socket.
[   11.948068] systemd[1]: Listening on Journal Socket (/dev/log).
[[0;32m  OK  [0m] Listening on Journal Socket (/dev/log).
[   11.949538] systemd[1]: Listening on Journal Audit Socket.
[[0;32m  OK  [0m] Listening on Journal Audit Socket.
[   11.950891] systemd[1]: Listening on LVM2 poll daemon socket.
[[0;32m  OK  [0m] Listening on LVM2 poll daemon socket.
[   11.952300] systemd[1]: Listening on LVM2 metadata daemon socket.
[[0;32m  OK  [0m] Listening on LVM2 metadata daemon socket.
[   11.953968] systemd[1]: Created slice User and Session Slice.
[[0;32m  OK  [0m] Created slice User and Session Slice.
[   11.955353] systemd[1]: Reached target User and Group Name Lookups.
[[0;32m  OK  [0m] Reached target User and Group Name Lookups.
[   11.956883] systemd[1]: Listening on Syslog Socket.
[[0;32m  OK  [0m] Listening on Syslog Socket.
[   11.958276] systemd[1]: Created slice System Slice.
[[0;32m  OK  [0m] Created slice System Slice.
[   11.959679] systemd[1]: Created slice system-serial\x2dgetty.slice.
[[0;32m  OK  [0m] Created slice system-serial\x2dgetty.slice.
[   11.972171] systemd[1]: Starting Journal Service...
         Starting Journal Service...
[   11.973792] systemd[1]: Mounting Debug File System...
         Mounting Debug File System...
[   11.976330] systemd[1]: Starting Create list of required static device nodes for the current kernel...
         Starting Create list of required st... nodes for the current kernel...
[   11.978723] systemd[1]: Started Forward Password Requests to Wall Directory Watch.
[[0;32m  OK  [0m] Started Forward Password Requests to Wall Directory Watch.
[   11.980849] systemd[1]: Listening on /dev/initctl Compatibility Named Pipe.
[[0;32m  OK  [0m] Listening on /dev/initctl Compatibility Named Pipe.
[   11.983647] systemd[1]: Starting Set console keymap...
         Starting Set console keymap...
[   11.985492] systemd[1]: Mounting POSIX Message Queue File System...
         Mounting POSIX Message Queue File System...
[   11.988345] systemd[1]: Set up automount Arbitrary Executable File Formats File System Automount Point.
[[0;32m  OK  [0m] Set up automount Arbitrary Executab...ats File System Automount Point.
[   11.992100] systemd[1]: Reached target Encrypted Volumes.
[[0;32m  OK  [0m] Reached target Encrypted Volumes.
[   11.994004] systemd[1]: Listening on udev Control Socket.
[[0;32m  OK  [0m] Listening on udev Control Socket.
[   11.995975] systemd[1]: Starting Nameserver information manager...
         Starting Nameserver information manager...
[   11.998010] systemd[1]: Mounting Huge Pages File System...
         Mounting Huge Pages File System...
[   11.999407] systemd[1]: Listening on Device-mapper event daemon FIFOs.
[[0;32m  OK  [0m] Listening on Device-mapper event daemon FIFOs.
[   12.001887] systemd[1]: Starting Monitoring of LVM2 mirrors, snapshots etc. using dmeventd or progress polling...
         Starting Monitoring of LVM2 mirrors... dmeventd or progress polling...
[   12.004160] systemd[1]: Reached target Slices.
[[0;32m  OK  [0m] Reached target Slices.
[   12.005785] systemd[1]: Listening on fsck to fsckd communication Socket.
[[0;32m  OK  [0m] Listening on fsck to fsckd communication Socket.
[   12.007807] systemd[1]: Started Trigger resolvconf update for networkd DNS.
[[0;32m  OK  [0m] Started Trigger resolvconf update for networkd DNS.
[   12.010821] systemd[1]: Starting File System Check on Root Device...
         Starting File System Check on Root Device...
[   12.014321] systemd[1]: Starting Load Kernel Modules...
         Starting Load Kernel Modules...
[   12.017122] systemd[1]: Starting Uncomplicated firewall...
         Starting Uncomplicated firewall...
[   12.019536] systemd[1]: Reached target Swap.
[[0;32m  OK  [0m] Reached target Swap.
[   12.021469] systemd[1]: Reached target System Time Synchronized.
[[0;32m  OK  [0m] Reached target System Time Synchronized.
[   12.024941] systemd[1]: Mounted Huge Pages File System.
[[0;32m  OK  [0m] Mounted Huge Pages File System.
[   12.026686] systemd[1]: Mounted POSIX Message Queue File System.
[[0;32m  OK  [0m] Mounted POSIX Message Queue File System.
[   12.028716] systemd[1]: Mounted Debug File System.
[[0;32m  OK  [0m[   12.029935] Loading iSCSI transport class v2.0-870.
] Mounted Debug File System.
[   12.031470] systemd[1]: Started Journal Service.
[[0;32m  OK  [0m] Started Journal Service.
[[0;32m  OK  [0m] Started Create list of required sta...ce nodes for the current kernel.
[[0;32m  OK  [0m] Started Set console keymap.
[   12.038682] iscsi: registered transport (tcp)
[[0;32m  OK  [0m] Started File System Check on Root Device.
[[0;32m  OK  [0m] Started Uncomplicated firewall.
[[0;32m  OK  [0m] Started Nameserver information manager.
[[0;32m  OK  [0m] Started LVM2 metadata daemon.
[[0;32m  OK  [0m] Started File System Check Daemon to report status.
         Starting Remount Root and Kernel File Systems...
         Starting Create Static Device Nodes in /dev...
[   12.054325] EXT4-fs (sda1): re-mounted. Opts: (null)
[[0;32m  OK  [0m] Started Remount Root and Kernel File Systems.
         Starting Load/Save Random Seed...
         Starting udev Coldplug all Devices...
         Starting Flush Journal to Persistent Storage...
[[0;32m  OK  [0m] Started Load/Save Random Seed.
[   12.067847] systemd-journald[372]: Received request to flush runtime journal from PID 1
[[0;32m  OK  [0m] Started Flush Journal to Persistent Storage.
[[0;32m  OK  [0m] Started Create Static Device Nodes in /dev.
[   12.087672] iscsi: registered transport (iser)
         Starting udev Kernel Device Manager...
[[0;32m  OK  [0m] Started Load Kernel Modules.
         Starting Apply Kernel Variables...
         Mounting FUSE Control File System...
[[0;32m  OK  [0m] Mounted FUSE Control File System.
[[0;32m  OK  [0m] Started Apply Kernel Variables.
[[0;32m  OK  [0m] Started udev Kernel Device Manager.
[[0;32m  OK  [0m] Started udev Coldplug all Devices.
[[0;32m  OK  [0m] Started Dispatch Password Requests to Console Directory Watch.
[[0;32m  OK  [0m] Found device /dev/ttyS0.
[[0;32m  OK  [0m] Listening on Load/Save RF Kill Switch Status /dev/rfkill Watch.
[[0;32m  OK  [0m] Started Monitoring of LVM2 mirrors,...ng dmeventd or progress polling.
[[0;32m  OK  [0m] Reached target Local File Systems (Pre).
[[0;32m  OK  [0m] Reached target Local File Systems.
         Starting Create Volatile Files and Directories...
         Starting Commit a transient machine-id on disk...
         Starting Tell Plymouth To Write Out Runtime Data...
         Starting Set console font and keymap...
         Starting LSB: AppArmor initialization...
         Starting Initial cloud-init job (pre-networking)...
[[0;32m  OK  [0m] Started Create Volatile Files and Directories.
         Starting Update UTMP about System Boot/Shutdown...
[[0;32m  OK  [0m] Started Update UTMP about System Boot/Shutdown.
[[0;32m  OK  [0m] Started Tell Plymouth To Write Out Runtime Data.
[[0;32m  OK  [0m] Started Commit a transient machine-id on disk.
[[0;32m  OK  [0m] Started Set console font and keymap.
[[0;32m  OK  [0m] Created slice system-getty.slice.
[[0;32m  OK  [0m] Started LSB: AppArmor initialization.
         Starting Load AppArmor profiles managed internally by snapd...
[[0;32m  OK  [0m] Started Load AppArmor profiles managed internally by snapd.
[   13.168875] cloud-init[612]: Cloud-init v. 21.1-19-gbad84ad4-0ubuntu1~16.04.2 running 'init-local' at Wed, 22 Feb 2023 09:43:21 +0000. Up 12.98 seconds.
[[0;32m  OK  [0m] Started Initial cloud-init job (pre-networking).
[[0;32m  OK  [0m] Reached target Network (Pre).
         Starting Raise network interfaces...
[[0;32m  OK  [0m] Started Raise network interfaces.
[[0;32m  OK  [0m] Reached target Network.
         Starting Initial cloud-init job (metadata service crawler)...
[   13.956929] cloud-init[949]: Cloud-init v. 21.1-19-gbad84ad4-0ubuntu1~16.04.2 running 'init' at Wed, 22 Feb 2023 09:43:22 +0000. Up 13.52 seconds.
[   13.958209] cloud-init[949]: ci-info: ++++++++++++++++++++++++++++++++++++++Net device info++++++++++++++++++++++++++++++++++++++
[   13.959482] cloud-init[949]: ci-info: +--------+------+----------------------------+---------------+--------+-------------------+
[   13.960698] cloud-init[949]: ci-info: | Device |  Up  |          Address           |      Mask     | Scope  |     Hw-Address    |
[   13.962023] cloud-init[949]: ci-info: +--------+------+----------------------------+---------------+--------+-------------------+
[   13.963259] cloud-init[949]: ci-info: | enp0s3 | True |         10.0.2.15          | 255.255.255.0 | global | 02:be:82:6b:cc:1d |
[   13.964528] cloud-init[949]: ci-info: | enp0s3 | True | fe80::be:82ff:fe6b:cc1d/64 |       .       |  link  | 02:be:82:6b:cc:1d |
[   13.965778] cloud-init[949]: ci-info: |   lo   | True |         127.0.0.1          |   255.0.0.0   |  host  |         .         |
[   13.966972] cloud-init[949]: ci-info: |   lo   | True |          ::1/128           |       .       |  host  |         .         |
[   13.968191] cloud-init[949]: ci-info: +--------+------+----------------------------+---------------+--------+-------------------+
[   13.969373] cloud-init[949]: ci-info: +++++++++++++++++++++++++++Route IPv4 info++++++++++++++++++++++++++++
[   13.970569] cloud-init[949]: ci-info: +-------+-------------+----------+---------------+-----------+-------+
[   13.971675] cloud-init[949]: ci-info: | Route | Destination | Gateway  |    Genmask    | Interface | Flags |
[   13.972749] cloud-init[949]: ci-info: +-------+-------------+----------+---------------+-----------+-------+
[   13.973842] cloud-init[949]: ci-info: |   0   |   0.0.0.0   | 10.0.2.2 |    0.0.0.0    |   enp0s3  |   UG  |
[   13.975036] cloud-init[949]: ci-info: |   1   |   10.0.2.0  | 0.0.0.0  | 255.255.255.0 |   enp0s3  |   U   |
[   13.976126] cloud-init[949]: ci-info: +-------+-------------+----------+---------------+-----------+-------+
[   13.977239] cloud-init[949]: ci-info: +++++++++++++++++++Route IPv6 info+++++++++++++++++++
[   13.978243] cloud-init[949]: ci-info: +-------+-------------+---------+-----------+-------+
[   13.979203] cloud-init[949]: ci-info: | Route | Destination | Gateway | Interface | Flags |
[   13.980179] cloud-init[949]: ci-info: +-------+-------------+---------+-----------+-------+
[   13.981136] cloud-init[949]: ci-info: |   0   |  fe80::/64  |    ::   |   enp0s3  |   U   |
[   13.982130] cloud-init[949]: ci-info: |   3   |   ff00::/8  |    ::   |   enp0s3  |   U   |
[   13.983128] cloud-init[949]: ci-info: +-------+-------------+---------+-----------+-------+
[   13.984172] cloud-init[949]: Generating public/private rsa key pair.
[   13.984988] cloud-init[949]: Your identification has been saved in /etc/ssh/ssh_host_rsa_key.[[0;32m  OK  [0m] Started Initial cloud-init job (metadata service crawler).
[[0;32m  OK  [0m] Reached target Cloud-config availability.
[[0;32m  OK  [0m] Reached target System Initialization.

[[0;32m  OK  [0m] Started ACPI Events Check.
[[0;32m  OK  [0m] Reached target Paths.
[[0;32m  OK  [0m] Listening on UUID daemon activation socket.
[[0;32m  OK  [0m] Started Daily apt download activities.
[[0;32m  OK  [0m] Started Daily apt upgrade and clean activities.
[[0;32m  OK  [0m] Listening on D-Bus System Message Bus Socket.
[[0;32m  OK  [0m] Listening on ACPID Listen Socket.
[   13.988271] cloud-init[949]: Your public key has been saved in /etc/ssh/ssh_host_rsa_key.pub.
         Starting LXD - unix socket.
[   13.994068] cloud-init[949]: The key fingerprint is:
[   13.994193] cloud-init[949]: SHA256:KF1CbBTvQFPqMbhVE5dsBRo66UVWZGajxJ+OI+DB8L0 root@ubuntu-xenial
[   13.994517] cloud-init[949]: The key's randomart image is:
[   13.994791] cloud-init[949]: +---[RSA 2048]----+
[   13.995075] cloud-init[949]: |     o*+X=X+.    |
[   13.995354] cloud-init[949]: |  .  +o@.X+.     |
[   13.995646] cloud-init[949]: |   +.o@ *o .     |
[   13.995950] cloud-init[949]: |    =*.@  o      |
[   13.996409] cloud-init[949]: |   .oo=.So       |
[   13.996689] cloud-init[949]: |    ..E o .      |
[   13.996971] cloud-init[949]: |       . .       |
[   13.997253] cloud-init[949]: |                 |
[   13.997577] cloud-init[949]: |                 |
[   13.997915] cloud-init[949]: +----[SHA256]-----+
[   13.998192] cloud-init[949]: Generating public/private dsa key pair.
[   13.998473] cloud-init[949]: Your identification has been saved in /etc/ssh/ssh_host_dsa_key.
[   13.998750] cloud-init[949]: Your public key has been saved in /etc/ssh/ssh_host_dsa_key.pub.
[   13.999033] cloud-init[949]: The key fingerprint is:
[   13.999312] cloud-init[949]: SHA256:m25MATLZ7mFf/0G8y2GOxddmn+H2CvYECVPdnU/LWD0 root@ubuntu-xenial
[   13.999592] cloud-init[949]: The key's randomart image is:
[   13.999876] cloud-init[949]: +---[DSA 1024]----+
[   14.000257] cloud-init[949]: |     o      .. .+|
[   14.000451] cloud-init[949]: |    + o    .  .E=|
[   14.000763] cloud-init[949]: |     + .  o  .+.+|
[   14.001047] cloud-init[949]: |      + . .o ooo.|
[   14.001357] cloud-init[949]: |     o oSo .oo ..|
[   14.001661] cloud-init[949]: |      . oo  ..B.=|
[   14.001991] cloud-init[949]: |       oo   oBoB+|
[   14.002270] cloud-init[949]: |       .o  ..+=+.|
[   14.002557] cloud-init[949]: |       ..     +.o|
[   14.002838] cloud-init[949]: +----[SHA256]-----+
[   14.003117] cloud-init[949]: Generating public/private ecdsa key pair.
[   14.003397] cloud-init[949]: Your identification has been saved in /etc/ssh/ssh_host_ecdsa_key.
[   14.003683] cloud-init[949]: Your public key has been saved in /etc/ssh/ssh_host_ecdsa_key.pub.
[   14.003964] cloud-init[949]: The key fingerprint is:
[   14.004344] cloud-init[949]: SHA256:ThM90jsAX9+D3LrTiP15NhyD2PydgPKnSwvG9XoCFiM root@ubuntu-xenial
[   14.004622] cloud-init[949]: The key's randomart image is:
[   14.004899] cloud-init[949]: +---[ECDSA 256]---+
[   14.005183] cloud-init[949]: |      .   .      |
[   14.005506] cloud-init[949]: |       o + o +   |
[   14.005789] cloud-init[949]: |        = + + +  |
[   14.006076] cloud-init[949]: |       E * o . . |
[   14.006354] cloud-init[949]: |        S =.* .  |
[   14.006673] cloud-init[949]: |       o.=.*.O o |
[   14.006950] cloud-init[949]: |        o+=.=.= =|
[   14.007231] cloud-init[949]: |        . ooo= *+|
[   14.007513] cloud-init[949]: |           =* oo.|
[   14.007830] cloud-init[949]: +----[SHA256]-----+
[   14.008214] cloud-init[949]: Generating public/private ed25519 key pair.
[   14.008487] cloud-init[949]: Your identification has been saved in /etc/ssh/ssh_host_ed25519_key.
[   14.008772] cloud-init[949]: Your public key has been saved in /etc/ssh/ssh_host_ed25519_key.pub.
[   14.009052] cloud-init[949]: The key fingerprint is:
[   14.009330] cloud-init[949]: SHA256:s7wCrd2zgTXdHSJnI0jqHtK6QBO5UG4y60nqPxzw2mA root@ubuntu-xenial
[   14.009478] cloud-init[949]: The key's randomart image is:
[   14.009796] cloud-init[949]: +--[ED25519 256]--+
[   14.010077] cloud-init[949]: |  .     .        |
[   14.010357] cloud-init[949]: | o .   o .       |
[   14.010639] cloud-init[949]: |+ =   . . o = .  |
[   14.010917] cloud-init[949]: | B o o   . * + . |
[   14.011199] cloud-init[949]: |..* ..+ S . . .  |
[   14.011476] cloud-init[949]: |+E.+.+.= +       |
[   14.011757] cloud-init[949]: |oo* o+o.+        |
[   14.012245] cloud-init[949]: |.. =..o oo       |
[   14.012526] cloud-init[949]: | ...o  .oo       |
[   14.012838] cloud-init[949]: +----[SHA256]-----+
[[0;32m  OK  [0m] Started Message of the Day.
[[0;32m  OK  [0m] Started Ubuntu Advantage update messaging.
[[0;32m  OK  [0m] Started Daily Cleanup of Temporary Directories.
         Starting Socket activation for snappy daemon.
[[0;32m  OK  [0m] Reached target Timers.
[[0;32m  OK  [0m] Reached target Network is Online.
         Starting iSCSI initiator daemon (iscsid)...
[[0;32m  OK  [0m] Listening on LXD - unix socket.
[[0;32m  OK  [0m] Listening on Socket activation for snappy daemon.
[[0;32m  OK  [0m] Reached target Sockets.
[[0;32m  OK  [0m] Reached target Basic System.
         Starting Virtualbox guest utils...
         Starting Login Service...
[[0;32m  OK  [0m] Started FUSE filesystem for LXC.
[[0;32m  OK  [0m] Started Deferred execution scheduler.
         Starting /etc/rc.local Compatibility...
         Starting LSB: Record successful boot for GRUB...
[[0;32m  OK  [0m] Started Regular background program processing daemon.
         Starting Snap Daemon...
         Starting Accounts Service...
         Starting LSB: MD monitoring daemon...
         Starting Pollinate to seed the pseudo random number generator...
         Starting System Logging Service...
[[0;32m  OK  [0m] Started ACPI event daemon.
[[0;32m  OK  [0m] Started D-Bus System Message Bus.
         Starting LXD - container startup/shutdown...
[[0;32m  OK  [0m] Started System Logging Service.
[[0;32m  OK  [0m] Started /etc/rc.local Compatibility.
[[0;32m  OK  [0m] Started Login Service.
[[0;32m  OK  [0m] Started Unattended Upgrades Shutdown.
         Starting Authenticate and Authorize Users to Run Privileged Tasks...
[[0;32m  OK  [0m] Started iSCSI initiator daemon (iscsid).
         Starting Login to default iSCSI targets...
[[0;32m  OK  [0m] Started LSB: Record successful boot for GRUB.
[[0;32m  OK  [0m] Started LSB: MD monitoring daemon.
[[0;32m  OK  [0m] Started Authenticate and Authorize Users to Run Privileged Tasks.
[[0;32m  OK  [0m] Started Login to default iSCSI targets.
[[0;32m  OK  [0m] Reached target Remote File Systems (Pre).
[[0;32m  OK  [0m] Reached target Remote File Systems.
         Starting Permit User Sessions...
         Starting LSB: daemon to balance interrupts for SMP systems...
         Starting LSB: automatic crash report generation...
         Starting LSB: Set the CPU Frequency Scaling governor to "ondemand"...
[[0;32m  OK  [0m] Started Permit User Sessions.
         Starting Hold until boot process finishes up...
         Starting Terminate Plymouth Boot Screen...
[[0;32m  OK  [0m] Started Hold until boot process finishes up.
         Starting Set console scheme...
[[0;32m  OK  [0m] Started Serial Getty on ttyS0.
[[0;32m  OK  [0m] Started Getty on tty1.
[[0;32m  OK  [0m] Reached target Login Prompts.
[[0;32m  OK  [0m] Started Set console scheme.
[[0;32m  OK  [0m] Started Accounts Service.
[[0;32m  OK  [0m] Started Terminate Plymouth Boot Screen.
[[0;32m  OK  [0m] Started LSB: Set the CPU Frequency Scaling governor to "ondemand".
[[0;32m  OK  [0m] Started LSB: daemon to balance interrupts for SMP systems.
[[0;32m  OK  [0m] Started Virtualbox guest utils.
[[0;32m  OK  [0m] Started LSB: automatic crash report generation.
[[0;32m  OK  [0m] Started LXD - container startup/shutdown.
[[0;32m  OK  [0m] Started Snap Daemon.
         Starting Wait until snapd is fully seeded...
[[0;32m  OK  [0m] Started Pollinate to seed the pseudo random number generator.
         Starting OpenBSD Secure Shell server...
[[0;32m  OK  [0m] Started OpenBSD Secure Shell server.
[[0;32m  OK  [0m] Started Wait until snapd is fully seeded.
         Starting Apply the settings specified in cloud-config...
[[0;32m  OK  [0m] Reached target Multi-User System.
[[0;32m  OK  [0m] Reached target Graphical Interface.
         Starting Update UTMP about System Runlevel Changes...
[[0;32m  OK  [0m] Started Update UTMP about System Runlevel Changes.
[   15.619435] cloud-init[1294]: Generating locales (this might take a while)...
[   16.068275] cloud-init[1294]:   en_US.UTF-8... done
[   16.069295] cloud-init[1294]: Generation complete.
[   16.272379] cloud-init[1294]: Cloud-init v. 21.1-19-gbad84ad4-0ubuntu1~16.04.2 running 'modules:config' at Wed, 22 Feb 2023 09:43:24 +0000. Up 15.55 seconds.
[[0;32m  OK  [0m] Started Apply the settings specified in cloud-config.
         Starting Execute cloud user/final scripts...
ci-info: no authorized SSH keys fingerprints found for user ubuntu.
<14>Feb 22 09:43:25 ec2: 
<14>Feb 22 09:43:25 ec2: #############################################################
<14>Feb 22 09:43:25 ec2: -----BEGIN SSH HOST KEY FINGERPRINTS-----
<14>Feb 22 09:43:25 ec2: 1024 SHA256:m25MATLZ7mFf/0G8y2GOxddmn+H2CvYECVPdnU/LWD0 root@ubuntu-xenial (DSA)
<14>Feb 22 09:43:25 ec2: 256 SHA256:ThM90jsAX9+D3LrTiP15NhyD2PydgPKnSwvG9XoCFiM root@ubuntu-xenial (ECDSA)
<14>Feb 22 09:43:25 ec2: 256 SHA256:s7wCrd2zgTXdHSJnI0jqHtK6QBO5UG4y60nqPxzw2mA root@ubuntu-xenial (ED25519)
<14>Feb 22 09:43:25 ec2: 2048 SHA256:KF1CbBTvQFPqMbhVE5dsBRo66UVWZGajxJ+OI+DB8L0 root@ubuntu-xenial (RSA)
<14>Feb 22 09:43:25 ec2: -----END SSH HOST KEY FINGERPRINTS-----
<14>Feb 22 09:43:25 ec2: #############################################################
-----BEGIN SSH HOST KEY KEYS-----
ecdsa-sha2-nistp256 AAAAE2VjZHNhLXNoYTItbmlzdHAyNTYAAAAIbmlzdHAyNTYAAABBBDjwW1906LNDkVWR5jWQbbU645A4sRJhSVv6Szupbo9aiD7Zj1nxAI65tJd6Zu2ttVW09vwlAdGJmPxGzDaykDU= root@ubuntu-xenial
ssh-ed25519 AAAAC3NzaC1lZDI1NTE5AAAAIJwABEk312Ko/uRLuMA790rvnbgNMxsEKO9g9KMoSy6W root@ubuntu-xenial
ssh-rsa AAAAB3NzaC1yc2EAAAADAQABAAABAQC6KtoosKBQXuvM3tEux9EhLVxeupLaM8+uh8cGgbeBQek1rW2rqNimr4nI5/n/TXgYGciA9PlJc3UEQkuDk3RZxnYR02lLDttKVEULlKeYFmhkkryoB0GUgemRmcPrgNvQVtqEnHa4HxGFPLXKkLyoe3hu/xZ7td6pEFVDJcUMb63IPSoFzk/2pzfdHa5ECd04mxAmyel5jI4f9CF6wL2oFMUl+YW7v+xGEeVMKpH7MCMYabac78ZAfBfj2m/6k6EnTyQikpxit6r11yTzFeiLtNhj2uHcmVXOhrNI+DQdkx3EO+0fnL2tF6a5RWQtJrtzJOEDBzScVB50/3DW9fjN root@ubuntu-xenial
-----END SSH HOST KEY KEYS-----
[   16.581326] cloud-init[1336]: Cloud-init v. 21.1-19-gbad84ad4-0ubuntu1~16.04.2 running 'modules:final' at Wed, 22 Feb 2023 09:43:25 +0000. Up 16.49 seconds.
[   16.582817] cloud-init[1336]: ci-info: no authorized SSH keys fingerprints found for user ubuntu.
[   16.583859] cloud-init[1336]: Cloud-init v. 21.1-19-gbad84ad4-0ubuntu1~16.04.2 finished at Wed, 22 Feb 2023 09:43:25 +0000. Datasource DataSourceNoCloud [seed=/dev/sdb][dsmode=net].  Up 16.57 seconds
[[0;32m  OK  [0m] Started Execute cloud user/final scripts.
[[0;32m  OK  [0m] Reached target Cloud-init target.

Ubuntu 16.04.7 LTS ubuntu-xenial ttyS0

ubuntu-xenial login: 